[2m2020-03-12 00:24:41.157[0;39m [32m INFO [-,,,][0;39m [35m94110[0;39m [2m---[0;39m [2m[           main][0;39m [36mcom.ch.cb_eureka.CbEurekaApplication    [0;39m [2m:[0;39m The following profiles are active: local
[2m2020-03-12 00:24:41.718[0;39m [33m WARN [-,,,][0;39m [35m94110[0;39m [2m---[0;39m [2m[           main][0;39m [36mo.s.boot.actuate.endpoint.EndpointId    [0;39m [2m:[0;39m Endpoint ID 'service-registry' contains invalid characters, please migrate to a valid format.
[2m2020-03-12 00:24:41.917[0;39m [32m INFO [-,,,][0;39m [35m94110[0;39m [2m---[0;39m [2m[           main][0;39m [36mo.s.cloud.context.scope.GenericScope    [0;39m [2m:[0;39m BeanFactory id=89a862d0-fd72-3d30-8516-b3ea5473c57a
[2m2020-03-12 00:24:42.093[0;39m [32m INFO [-,,,][0;39m [35m94110[0;39m [2m---[0;39m [2m[           main][0;39m [36mtrationDelegate$BeanPostProcessorChecker[0;39m [2m:[0;39m Bean 'org.springframework.cloud.autoconfigure.ConfigurationPropertiesRebinderAutoConfiguration' of type [org.springframework.cloud.autoconfigure.ConfigurationPropertiesRebinderAutoConfiguration$$EnhancerBySpringCGLIB$$7adbefae] is not eligible for getting processed by all BeanPostProcessors (for example: not eligible for auto-proxying)
[2m2020-03-12 00:24:42.420[0;39m [32m INFO [-,,,][0;39m [35m94110[0;39m [2m---[0;39m [2m[           main][0;39m [36mo.s.b.w.embedded.tomcat.TomcatWebServer [0;39m [2m:[0;39m Tomcat initialized with port(s): 9080 (http)
[2m2020-03-12 00:24:42.435[0;39m [32m INFO [-,,,][0;39m [35m94110[0;39m [2m---[0;39m [2m[           main][0;39m [36mo.apache.catalina.core.StandardService  [0;39m [2m:[0;39m Starting service [Tomcat]
[2m2020-03-12 00:24:42.436[0;39m [32m INFO [-,,,][0;39m [35m94110[0;39m [2m---[0;39m [2m[           main][0;39m [36morg.apache.catalina.core.StandardEngine [0;39m [2m:[0;39m Starting Servlet engine: [Apache Tomcat/9.0.16]
[2m2020-03-12 00:24:42.440[0;39m [32m INFO [-,,,][0;39m [35m94110[0;39m [2m---[0;39m [2m[           main][0;39m [36mo.a.catalina.core.AprLifecycleListener  [0;39m [2m:[0;39m The APR based Apache Tomcat Native library which allows optimal performance in production environments was not found on the java.library.path: [/Users/lch/Library/Java/Extensions:/Library/Java/Extensions:/Network/Library/Java/Extensions:/System/Library/Java/Extensions:/usr/lib/java:.]
[2m2020-03-12 00:24:42.513[0;39m [32m INFO [-,,,][0;39m [35m94110[0;39m [2m---[0;39m [2m[           main][0;39m [36mo.a.c.c.C.[Tomcat].[localhost].[/]      [0;39m [2m:[0;39m Initializing Spring embedded WebApplicationContext
[2m2020-03-12 00:24:42.513[0;39m [32m INFO [-,,,][0;39m [35m94110[0;39m [2m---[0;39m [2m[           main][0;39m [36mo.s.web.context.ContextLoader           [0;39m [2m:[0;39m Root WebApplicationContext: initialization completed in 1342 ms
[2m2020-03-12 00:24:42.627[0;39m [33m WARN [-,,,][0;39m [35m94110[0;39m [2m---[0;39m [2m[           main][0;39m [36mc.n.c.sources.URLConfigurationSource    [0;39m [2m:[0;39m No URLs will be polled as dynamic configuration sources.
[2m2020-03-12 00:24:42.628[0;39m [32m INFO [-,,,][0;39m [35m94110[0;39m [2m---[0;39m [2m[           main][0;39m [36mc.n.c.sources.URLConfigurationSource    [0;39m [2m:[0;39m To enable URLs as dynamic configuration sources, define System property archaius.configurationSource.additionalUrls or make config.properties available on classpath.
[2m2020-03-12 00:24:42.635[0;39m [32m INFO [-,,,][0;39m [35m94110[0;39m [2m---[0;39m [2m[           main][0;39m [36mc.netflix.config.DynamicPropertyFactory [0;39m [2m:[0;39m DynamicPropertyFactory is initialized with configuration sources: com.netflix.config.ConcurrentCompositeConfiguration@510da778
[2m2020-03-12 00:24:43.392[0;39m [32m INFO [-,,,][0;39m [35m94110[0;39m [2m---[0;39m [2m[           main][0;39m [36mc.s.j.s.i.a.WebApplicationImpl          [0;39m [2m:[0;39m Initiating Jersey application, version 'Jersey: 1.19.1 03/11/2016 02:08 PM'
[2m2020-03-12 00:24:43.437[0;39m [32m INFO [-,,,][0;39m [35m94110[0;39m [2m---[0;39m [2m[           main][0;39m [36mc.n.d.provider.DiscoveryJerseyProvider  [0;39m [2m:[0;39m Using JSON encoding codec LegacyJacksonJson
[2m2020-03-12 00:24:43.438[0;39m [32m INFO [-,,,][0;39m [35m94110[0;39m [2m---[0;39m [2m[           main][0;39m [36mc.n.d.provider.DiscoveryJerseyProvider  [0;39m [2m:[0;39m Using JSON decoding codec LegacyJacksonJson
[2m2020-03-12 00:24:43.514[0;39m [32m INFO [-,,,][0;39m [35m94110[0;39m [2m---[0;39m [2m[           main][0;39m [36mc.n.d.provider.DiscoveryJerseyProvider  [0;39m [2m:[0;39m Using XML encoding codec XStreamXml
[2m2020-03-12 00:24:43.515[0;39m [32m INFO [-,,,][0;39m [35m94110[0;39m [2m---[0;39m [2m[           main][0;39m [36mc.n.d.provider.DiscoveryJerseyProvider  [0;39m [2m:[0;39m Using XML decoding codec XStreamXml
[2m2020-03-12 00:24:43.748[0;39m [33m WARN [-,,,][0;39m [35m94110[0;39m [2m---[0;39m [2m[           main][0;39m [36mc.n.c.sources.URLConfigurationSource    [0;39m [2m:[0;39m No URLs will be polled as dynamic configuration sources.
[2m2020-03-12 00:24:43.749[0;39m [32m INFO [-,,,][0;39m [35m94110[0;39m [2m---[0;39m [2m[           main][0;39m [36mc.n.c.sources.URLConfigurationSource    [0;39m [2m:[0;39m To enable URLs as dynamic configuration sources, define System property archaius.configurationSource.additionalUrls or make config.properties available on classpath.
[2m2020-03-12 00:24:43.987[0;39m [32m INFO [-,,,][0;39m [35m94110[0;39m [2m---[0;39m [2m[           main][0;39m [36mo.s.s.concurrent.ThreadPoolTaskExecutor [0;39m [2m:[0;39m Initializing ExecutorService 'applicationTaskExecutor'
[2m2020-03-12 00:24:44.469[0;39m [32m INFO [-,,,][0;39m [35m94110[0;39m [2m---[0;39m [2m[           main][0;39m [36mo.s.s.web.DefaultSecurityFilterChain    [0;39m [2m:[0;39m Creating filter chain: any request, [org.springframework.security.web.context.request.async.WebAsyncManagerIntegrationFilter@71e89a26, org.springframework.security.web.context.SecurityContextPersistenceFilter@43edd2ea, org.springframework.security.web.header.HeaderWriterFilter@820b78a, org.springframework.security.web.csrf.CsrfFilter@1cd2e348, org.springframework.security.web.authentication.logout.LogoutFilter@2f5a092e, org.springframework.security.web.authentication.UsernamePasswordAuthenticationFilter@1e2c0292, org.springframework.security.web.authentication.ui.DefaultLoginPageGeneratingFilter@1c65ec63, org.springframework.security.web.authentication.ui.DefaultLogoutPageGeneratingFilter@257708e, org.springframework.security.web.authentication.www.BasicAuthenticationFilter@5d32f5db, org.springframework.security.web.savedrequest.RequestCacheAwareFilter@21be80f6, org.springframework.security.web.servletapi.SecurityContextHolderAwareRequestFilter@782e0844, org.springframework.security.web.authentication.AnonymousAuthenticationFilter@18c26588, org.springframework.security.web.session.SessionManagementFilter@3a0b6aff, org.springframework.security.web.access.ExceptionTranslationFilter@7c751692, org.springframework.security.web.access.intercept.FilterSecurityInterceptor@7eb94590]
[2m2020-03-12 00:24:44.587[0;39m [32m INFO [-,,,][0;39m [35m94110[0;39m [2m---[0;39m [2m[           main][0;39m [36mo.s.b.a.e.web.EndpointLinksResolver     [0;39m [2m:[0;39m Exposing 19 endpoint(s) beneath base path '/actuator'
[2m2020-03-12 00:24:44.765[0;39m [32m INFO [-,,,][0;39m [35m94110[0;39m [2m---[0;39m [2m[           main][0;39m [36mo.s.c.n.eureka.InstanceInfoFactory      [0;39m [2m:[0;39m Setting initial instance status as: STARTING
[2m2020-03-12 00:24:44.786[0;39m [32m INFO [-,,,][0;39m [35m94110[0;39m [2m---[0;39m [2m[           main][0;39m [36mcom.netflix.discovery.DiscoveryClient   [0;39m [2m:[0;39m Initializing Eureka in region us-east-1
[2m2020-03-12 00:24:44.786[0;39m [32m INFO [-,,,][0;39m [35m94110[0;39m [2m---[0;39m [2m[           main][0;39m [36mcom.netflix.discovery.DiscoveryClient   [0;39m [2m:[0;39m Client configured to neither register nor query for data.
[2m2020-03-12 00:24:44.790[0;39m [32m INFO [-,,,][0;39m [35m94110[0;39m [2m---[0;39m [2m[           main][0;39m [36mcom.netflix.discovery.DiscoveryClient   [0;39m [2m:[0;39m Discovery Client initialized at timestamp 1583943884790 with initial instances count: 0
[2m2020-03-12 00:24:44.827[0;39m [32m INFO [-,,,][0;39m [35m94110[0;39m [2m---[0;39m [2m[           main][0;39m [36mc.n.eureka.DefaultEurekaServerContext   [0;39m [2m:[0;39m Initializing ...
[2m2020-03-12 00:24:44.829[0;39m [32m INFO [-,,,][0;39m [35m94110[0;39m [2m---[0;39m [2m[           main][0;39m [36mc.n.eureka.cluster.PeerEurekaNodes      [0;39m [2m:[0;39m Adding new peer nodes [http://admin:admin@localhost:9080/eureka/]
[2m2020-03-12 00:24:44.947[0;39m [32m INFO [-,,,][0;39m [35m94110[0;39m [2m---[0;39m [2m[           main][0;39m [36mc.n.d.provider.DiscoveryJerseyProvider  [0;39m [2m:[0;39m Using JSON encoding codec LegacyJacksonJson
[2m2020-03-12 00:24:44.947[0;39m [32m INFO [-,,,][0;39m [35m94110[0;39m [2m---[0;39m [2m[           main][0;39m [36mc.n.d.provider.DiscoveryJerseyProvider  [0;39m [2m:[0;39m Using JSON decoding codec LegacyJacksonJson
[2m2020-03-12 00:24:44.947[0;39m [32m INFO [-,,,][0;39m [35m94110[0;39m [2m---[0;39m [2m[           main][0;39m [36mc.n.d.provider.DiscoveryJerseyProvider  [0;39m [2m:[0;39m Using XML encoding codec XStreamXml
[2m2020-03-12 00:24:44.947[0;39m [32m INFO [-,,,][0;39m [35m94110[0;39m [2m---[0;39m [2m[           main][0;39m [36mc.n.d.provider.DiscoveryJerseyProvider  [0;39m [2m:[0;39m Using XML decoding codec XStreamXml
[2m2020-03-12 00:24:45.047[0;39m [32m INFO [-,,,][0;39m [35m94110[0;39m [2m---[0;39m [2m[           main][0;39m [36mc.n.eureka.cluster.PeerEurekaNodes      [0;39m [2m:[0;39m Replica node URL:  http://admin:admin@localhost:9080/eureka/
[2m2020-03-12 00:24:45.052[0;39m [32m INFO [-,,,][0;39m [35m94110[0;39m [2m---[0;39m [2m[           main][0;39m [36mc.n.e.registry.AbstractInstanceRegistry [0;39m [2m:[0;39m Finished initializing remote region registries. All known remote regions: []
[2m2020-03-12 00:24:45.052[0;39m [32m INFO [-,,,][0;39m [35m94110[0;39m [2m---[0;39m [2m[           main][0;39m [36mc.n.eureka.DefaultEurekaServerContext   [0;39m [2m:[0;39m Initialized
[2m2020-03-12 00:24:45.173[0;39m [32m INFO [-,,,][0;39m [35m94110[0;39m [2m---[0;39m [2m[           main][0;39m [36mo.s.c.n.e.s.EurekaServiceRegistry       [0;39m [2m:[0;39m Registering application CB_EUREKA with eureka with status UP
[2m2020-03-12 00:24:45.176[0;39m [32m INFO [-,,,][0;39m [35m94110[0;39m [2m---[0;39m [2m[      Thread-23][0;39m [36mo.s.c.n.e.server.EurekaServerBootstrap  [0;39m [2m:[0;39m Setting the eureka configuration..
[2m2020-03-12 00:24:45.176[0;39m [32m INFO [-,,,][0;39m [35m94110[0;39m [2m---[0;39m [2m[      Thread-23][0;39m [36mo.s.c.n.e.server.EurekaServerBootstrap  [0;39m [2m:[0;39m Eureka data center value eureka.datacenter is not set, defaulting to default
[2m2020-03-12 00:24:45.177[0;39m [32m INFO [-,,,][0;39m [35m94110[0;39m [2m---[0;39m [2m[      Thread-23][0;39m [36mo.s.c.n.e.server.EurekaServerBootstrap  [0;39m [2m:[0;39m Eureka environment value eureka.environment is not set, defaulting to test
[2m2020-03-12 00:24:45.184[0;39m [32m INFO [-,,,][0;39m [35m94110[0;39m [2m---[0;39m [2m[      Thread-23][0;39m [36mo.s.c.n.e.server.EurekaServerBootstrap  [0;39m [2m:[0;39m isAws returned false
[2m2020-03-12 00:24:45.184[0;39m [32m INFO [-,,,][0;39m [35m94110[0;39m [2m---[0;39m [2m[      Thread-23][0;39m [36mo.s.c.n.e.server.EurekaServerBootstrap  [0;39m [2m:[0;39m Initialized server context
[2m2020-03-12 00:24:45.184[0;39m [32m INFO [-,,,][0;39m [35m94110[0;39m [2m---[0;39m [2m[      Thread-23][0;39m [36mc.n.e.r.PeerAwareInstanceRegistryImpl   [0;39m [2m:[0;39m Got 1 instances from neighboring DS node
[2m2020-03-12 00:24:45.185[0;39m [32m INFO [-,,,][0;39m [35m94110[0;39m [2m---[0;39m [2m[      Thread-23][0;39m [36mc.n.e.r.PeerAwareInstanceRegistryImpl   [0;39m [2m:[0;39m Renew threshold is: 1
[2m2020-03-12 00:24:45.185[0;39m [32m INFO [-,,,][0;39m [35m94110[0;39m [2m---[0;39m [2m[      Thread-23][0;39m [36mc.n.e.r.PeerAwareInstanceRegistryImpl   [0;39m [2m:[0;39m Changing status to UP
[2m2020-03-12 00:24:45.192[0;39m [32m INFO [-,,,][0;39m [35m94110[0;39m [2m---[0;39m [2m[      Thread-23][0;39m [36me.s.EurekaServerInitializerConfiguration[0;39m [2m:[0;39m Started Eureka Server
[2m2020-03-12 00:24:45.214[0;39m [32m INFO [-,,,][0;39m [35m94110[0;39m [2m---[0;39m [2m[           main][0;39m [36mo.s.b.w.embedded.tomcat.TomcatWebServer [0;39m [2m:[0;39m Tomcat started on port(s): 9080 (http) with context path ''
[2m2020-03-12 00:24:45.215[0;39m [32m INFO [-,,,][0;39m [35m94110[0;39m [2m---[0;39m [2m[           main][0;39m [36m.s.c.n.e.s.EurekaAutoServiceRegistration[0;39m [2m:[0;39m Updating port to 9080
[2m2020-03-12 00:24:45.217[0;39m [32m INFO [-,,,][0;39m [35m94110[0;39m [2m---[0;39m [2m[           main][0;39m [36mcom.ch.cb_eureka.CbEurekaApplication    [0;39m [2m:[0;39m Started CbEurekaApplication in 4.986 seconds (JVM running for 5.469)
[2m2020-03-12 00:24:45.583[0;39m [32m INFO [-,,,][0;39m [35m94110[0;39m [2m---[0;39m [2m[on(3)-127.0.0.1][0;39m [36mo.a.c.c.C.[Tomcat].[localhost].[/]      [0;39m [2m:[0;39m Initializing Spring DispatcherServlet 'dispatcherServlet'
[2m2020-03-12 00:24:45.584[0;39m [32m INFO [-,,,][0;39m [35m94110[0;39m [2m---[0;39m [2m[on(3)-127.0.0.1][0;39m [36mo.s.web.servlet.DispatcherServlet       [0;39m [2m:[0;39m Initializing Servlet 'dispatcherServlet'
[2m2020-03-12 00:24:45.618[0;39m [32m INFO [-,,,][0;39m [35m94110[0;39m [2m---[0;39m [2m[on(3)-127.0.0.1][0;39m [36mo.s.web.servlet.DispatcherServlet       [0;39m [2m:[0;39m Completed initialization in 34 ms
[2m2020-03-12 00:24:50.187[0;39m [32m INFO [-,,,][0;39m [35m94110[0;39m [2m---[0;39m [2m[a-EvictionTimer][0;39m [36mc.n.e.registry.AbstractInstanceRegistry [0;39m [2m:[0;39m Running the evict task with compensationTime 0ms
[2m2020-03-12 00:24:55.195[0;39m [32m INFO [-,,,][0;39m [35m94110[0;39m [2m---[0;39m [2m[a-EvictionTimer][0;39m [36mc.n.e.registry.AbstractInstanceRegistry [0;39m [2m:[0;39m Running the evict task with compensationTime 5ms
[2m2020-03-12 00:25:00.198[0;39m [32m INFO [-,,,][0;39m [35m94110[0;39m [2m---[0;39m [2m[a-EvictionTimer][0;39m [36mc.n.e.registry.AbstractInstanceRegistry [0;39m [2m:[0;39m Running the evict task with compensationTime 2ms
[2m2020-03-12 00:25:05.202[0;39m [32m INFO [-,,,][0;39m [35m94110[0;39m [2m---[0;39m [2m[a-EvictionTimer][0;39m [36mc.n.e.registry.AbstractInstanceRegistry [0;39m [2m:[0;39m Running the evict task with compensationTime 2ms
[2m2020-03-12 00:25:10.204[0;39m [32m INFO [-,,,][0;39m [35m94110[0;39m [2m---[0;39m [2m[a-EvictionTimer][0;39m [36mc.n.e.registry.AbstractInstanceRegistry [0;39m [2m:[0;39m Running the evict task with compensationTime 2ms
[2m2020-03-12 00:25:15.206[0;39m [32m INFO [-,,,][0;39m [35m94110[0;39m [2m---[0;39m [2m[a-EvictionTimer][0;39m [36mc.n.e.registry.AbstractInstanceRegistry [0;39m [2m:[0;39m Running the evict task with compensationTime 0ms
[2m2020-03-12 00:25:20.211[0;39m [32m INFO [-,,,][0;39m [35m94110[0;39m [2m---[0;39m [2m[a-EvictionTimer][0;39m [36mc.n.e.registry.AbstractInstanceRegistry [0;39m [2m:[0;39m Running the evict task with compensationTime 5ms
[2m2020-03-12 00:25:25.216[0;39m [32m INFO [-,,,][0;39m [35m94110[0;39m [2m---[0;39m [2m[a-EvictionTimer][0;39m [36mc.n.e.registry.AbstractInstanceRegistry [0;39m [2m:[0;39m Running the evict task with compensationTime 4ms
[2m2020-03-12 00:25:30.221[0;39m [32m INFO [-,,,][0;39m [35m94110[0;39m [2m---[0;39m [2m[a-EvictionTimer][0;39m [36mc.n.e.registry.AbstractInstanceRegistry [0;39m [2m:[0;39m Running the evict task with compensationTime 5ms
[2m2020-03-12 00:25:35.224[0;39m [32m INFO [-,,,][0;39m [35m94110[0;39m [2m---[0;39m [2m[a-EvictionTimer][0;39m [36mc.n.e.registry.AbstractInstanceRegistry [0;39m [2m:[0;39m Running the evict task with compensationTime 2ms
[2m2020-03-12 00:25:38.153[0;39m [32m INFO [-,,,][0;39m [35m94110[0;39m [2m---[0;39m [2m[      Thread-25][0;39m [36mo.s.c.n.e.s.EurekaServiceRegistry       [0;39m [2m:[0;39m Unregistering application CB_EUREKA with eureka with status DOWN
[2m2020-03-12 00:25:38.155[0;39m [32m INFO [-,,,][0;39m [35m94110[0;39m [2m---[0;39m [2m[      Thread-25][0;39m [36mc.n.eureka.DefaultEurekaServerContext   [0;39m [2m:[0;39m Shutting down ...
[2m2020-03-12 00:25:38.159[0;39m [32m INFO [-,,,][0;39m [35m94110[0;39m [2m---[0;39m [2m[      Thread-25][0;39m [36mc.n.eureka.DefaultEurekaServerContext   [0;39m [2m:[0;39m Shut down
[2m2020-03-12 00:25:38.162[0;39m [32m INFO [-,,,][0;39m [35m94110[0;39m [2m---[0;39m [2m[      Thread-25][0;39m [36mo.s.s.concurrent.ThreadPoolTaskExecutor [0;39m [2m:[0;39m Shutting down ExecutorService 'applicationTaskExecutor'
[2m2020-03-12 00:25:38.164[0;39m [32m INFO [-,,,][0;39m [35m94110[0;39m [2m---[0;39m [2m[      Thread-25][0;39m [36mcom.netflix.discovery.DiscoveryClient   [0;39m [2m:[0;39m Shutting down DiscoveryClient ...
[2m2020-03-12 00:25:38.164[0;39m [32m INFO [-,,,][0;39m [35m94110[0;39m [2m---[0;39m [2m[      Thread-25][0;39m [36mcom.netflix.discovery.DiscoveryClient   [0;39m [2m:[0;39m Completed shut down of DiscoveryClient
